app/build/intermediates/manifest_merge_blame_file/debug/manifest-merger-blame-debug-report.txt
1<?xml version="1.0" encoding="utf-8"?>
2<manifest xmlns:android="http://schemas.android.com/apk/res/android"
3    package="org.tensorflow.codelabs.objectdetection"
4    android:versionCode="1"
5    android:versionName="1.0" >
6
7    <uses-sdk
8        android:minSdkVersion="23"
9        android:targetSdkVersion="34" />
10
11    <uses-feature
11-->src\main\AndroidManifest.xml:5:5-7:36
12        android:name="android.hardware.camera"
12-->src\main\AndroidManifest.xml:6:9-47
13        android:required="false" />
13-->src\main\AndroidManifest.xml:7:9-33
14
15    <queries>
15-->src\main\AndroidManifest.xml:8:5-12:15
16        <intent>
16-->src\main\AndroidManifest.xml:9:9-11:18
17            <action android:name="android.media.action.IMAGE_CAPTURE" />
17-->src\main\AndroidManifest.xml:10:13-73
17-->src\main\AndroidManifest.xml:10:21-70
18        </intent>
19    </queries>
20
21    <!-- 권한 추가 시작 -->
22    <uses-permission android:name="android.permission.INTERNET" />
22-->src\main\AndroidManifest.xml:15:5-67
22-->src\main\AndroidManifest.xml:15:22-64
23    <uses-permission android:name="android.permission.CAMERA" /> <!-- 카메라 사용 권한 -->
23-->src\main\AndroidManifest.xml:16:5-65
23-->src\main\AndroidManifest.xml:16:22-62
24    <!-- 공용 외부 저장소에 저장된 이미지 쓰기/읽기 권한 -->
25    <uses-permission android:name="android.permission.WRITE_EXTERNAL_STORAGE" />
25-->src\main\AndroidManifest.xml:18:5-81
25-->src\main\AndroidManifest.xml:18:22-78
26    <uses-permission android:name="android.permission.READ_EXTERNAL_STORAGE" />
26-->src\main\AndroidManifest.xml:19:5-80
26-->src\main\AndroidManifest.xml:19:22-77
27    <uses-permission android:name="android.permission.MANAGE_EXTERNAL_STORAGE" />
27-->src\main\AndroidManifest.xml:20:5-82
27-->src\main\AndroidManifest.xml:20:22-79
28
29    <uses-feature
29-->src\main\AndroidManifest.xml:22:5-93
30        android:name="android.hardware.camera.autofocus"
30-->src\main\AndroidManifest.xml:22:19-67
31        android:required="true" />
31-->src\main\AndroidManifest.xml:22:68-91
32
33    <uses-permission android:name="android.permission.ACCESS_NETWORK_STATE" />
33-->[com.google.firebase:firebase-auth:23.1.0] AndroidManifest.xml:26:5-79
33-->[com.google.firebase:firebase-auth:23.1.0] AndroidManifest.xml:26:22-76
34    <uses-permission android:name="com.google.android.providers.gsf.permission.READ_GSERVICES" />
34-->[com.google.android.recaptcha:recaptcha:18.5.1] AndroidManifest.xml:9:5-98
34-->[com.google.android.recaptcha:recaptcha:18.5.1] AndroidManifest.xml:9:22-95
35    <uses-permission android:name="android.permission.WAKE_LOCK" />
35-->[com.google.android.gms:play-services-measurement-api:22.1.2] AndroidManifest.xml:24:5-68
35-->[com.google.android.gms:play-services-measurement-api:22.1.2] AndroidManifest.xml:24:22-65
36    <uses-permission android:name="com.google.android.gms.permission.AD_ID" />
36-->[com.google.android.gms:play-services-measurement-api:22.1.2] AndroidManifest.xml:25:5-79
36-->[com.google.android.gms:play-services-measurement-api:22.1.2] AndroidManifest.xml:25:22-76
37    <uses-permission android:name="android.permission.ACCESS_ADSERVICES_ATTRIBUTION" />
37-->[com.google.android.gms:play-services-measurement-api:22.1.2] AndroidManifest.xml:26:5-88
37-->[com.google.android.gms:play-services-measurement-api:22.1.2] AndroidManifest.xml:26:22-85
38    <uses-permission android:name="android.permission.ACCESS_ADSERVICES_AD_ID" />
38-->[com.google.android.gms:play-services-measurement-api:22.1.2] AndroidManifest.xml:27:5-82
38-->[com.google.android.gms:play-services-measurement-api:22.1.2] AndroidManifest.xml:27:22-79
39    <uses-permission android:name="com.google.android.finsky.permission.BIND_GET_INSTALL_REFERRER_SERVICE" />
39-->[com.google.android.gms:play-services-measurement:22.1.2] AndroidManifest.xml:26:5-110
39-->[com.google.android.gms:play-services-measurement:22.1.2] AndroidManifest.xml:26:22-107
40
41    <permission
41-->[androidx.core:core:1.9.0] AndroidManifest.xml:22:5-24:47
42        android:name="org.tensorflow.codelabs.objectdetection.DYNAMIC_RECEIVER_NOT_EXPORTED_PERMISSION"
42-->[androidx.core:core:1.9.0] AndroidManifest.xml:23:9-81
43        android:protectionLevel="signature" />
43-->[androidx.core:core:1.9.0] AndroidManifest.xml:24:9-44
44
45    <uses-permission android:name="org.tensorflow.codelabs.objectdetection.DYNAMIC_RECEIVER_NOT_EXPORTED_PERMISSION" />
45-->[androidx.core:core:1.9.0] AndroidManifest.xml:26:5-97
45-->[androidx.core:core:1.9.0] AndroidManifest.xml:26:22-94
46    <uses-permission android:name="android.permission.READ_PHONE_STATE" /> <!-- 권한 추가 끝 -->
47    <application
47-->src\main\AndroidManifest.xml:26:5-79:19
48        android:name="org.tensorflow.codelabs.objectdetection.MyApplication"
48-->src\main\AndroidManifest.xml:27:9-77
49        android:allowBackup="true"
49-->src\main\AndroidManifest.xml:28:9-35
50        android:appComponentFactory="androidx.core.app.CoreComponentFactory"
50-->[androidx.core:core:1.9.0] AndroidManifest.xml:28:18-86
51        android:debuggable="true"
52        android:extractNativeLibs="false"
53        android:icon="@mipmap/ic_launcher"
53-->src\main\AndroidManifest.xml:29:9-43
54        android:label="@string/app_name"
54-->src\main\AndroidManifest.xml:30:9-41
55        android:roundIcon="@mipmap/ic_launcher_round"
55-->src\main\AndroidManifest.xml:31:9-54
56        android:supportsRtl="true"
56-->src\main\AndroidManifest.xml:32:9-35
57        android:testOnly="true"
58        android:theme="@style/Theme.ObjectDetection" >
58-->src\main\AndroidManifest.xml:33:9-53
59        <activity
59-->src\main\AndroidManifest.xml:36:9-42:20
60            android:name="org.tensorflow.codelabs.objectdetection.SplashActivity"
60-->src\main\AndroidManifest.xml:36:19-88
61            android:exported="true" >
61-->src\main\AndroidManifest.xml:37:13-36
62            <intent-filter>
62-->src\main\AndroidManifest.xml:38:13-41:29
63                <action android:name="android.intent.action.MAIN" />
63-->src\main\AndroidManifest.xml:39:17-69
63-->src\main\AndroidManifest.xml:39:25-66
64
65                <category android:name="android.intent.category.LAUNCHER" />
65-->src\main\AndroidManifest.xml:40:17-77
65-->src\main\AndroidManifest.xml:40:27-74
66            </intent-filter>
67        </activity>
68        <activity
68-->src\main\AndroidManifest.xml:46:9-49:20
69            android:name="org.tensorflow.codelabs.objectdetection.SignInActivity"
69-->src\main\AndroidManifest.xml:47:13-82
70            android:exported="true" >
70-->src\main\AndroidManifest.xml:48:13-36
71        </activity>
72        <activity
72-->src\main\AndroidManifest.xml:51:9-53:40
73            android:name="org.tensorflow.codelabs.objectdetection.SignUpActivity"
73-->src\main\AndroidManifest.xml:52:13-82
74            android:exported="false" />
74-->src\main\AndroidManifest.xml:53:13-37
75        <activity
75-->src\main\AndroidManifest.xml:55:9-59:20
76            android:name="org.tensorflow.codelabs.objectdetection.MainActivity"
76-->src\main\AndroidManifest.xml:56:13-80
77            android:exported="true" > <!-- export 속성 추가 -->
77-->src\main\AndroidManifest.xml:57:13-36
78        </activity>
79        <activity
79-->src\main\AndroidManifest.xml:61:9-63:39
80            android:name="org.tensorflow.codelabs.objectdetection.ActivityIngredient"
80-->src\main\AndroidManifest.xml:62:13-86
81            android:exported="true" />
81-->src\main\AndroidManifest.xml:63:13-36
82        <activity android:name="org.tensorflow.codelabs.objectdetection.SavedIngredientsActivity" />
82-->src\main\AndroidManifest.xml:65:9-101
82-->src\main\AndroidManifest.xml:65:19-98
83        <activity android:name="org.tensorflow.codelabs.objectdetection.RecipeActivity" />
83-->src\main\AndroidManifest.xml:66:9-91
83-->src\main\AndroidManifest.xml:66:19-88
84        <activity android:name="org.tensorflow.codelabs.objectdetection.RecipeDetailActivity" /> <!-- RecipeDetailActivity 추가 -->
84-->src\main\AndroidManifest.xml:67:9-97
84-->src\main\AndroidManifest.xml:67:19-94
85
86        <provider
86-->src\main\AndroidManifest.xml:69:9-77:20
87            android:name="androidx.core.content.FileProvider"
87-->src\main\AndroidManifest.xml:70:13-62
88            android:authorities="org.tensorflow.codelabs.objectdetection.fileprovider"
88-->src\main\AndroidManifest.xml:71:13-87
89            android:exported="false"
89-->src\main\AndroidManifest.xml:72:13-37
90            android:grantUriPermissions="true" >
90-->src\main\AndroidManifest.xml:73:13-47
91            <meta-data
91-->src\main\AndroidManifest.xml:74:13-76:54
92                android:name="android.support.FILE_PROVIDER_PATHS"
92-->src\main\AndroidManifest.xml:75:17-67
93                android:resource="@xml/file_paths" /> <!-- directory 저장하는 xml 파일 -->
93-->src\main\AndroidManifest.xml:76:17-51
94        </provider>
95
96        <activity
96-->[com.google.firebase:firebase-auth:23.1.0] AndroidManifest.xml:29:9-46:20
97            android:name="com.google.firebase.auth.internal.GenericIdpActivity"
97-->[com.google.firebase:firebase-auth:23.1.0] AndroidManifest.xml:30:13-80
98            android:excludeFromRecents="true"
98-->[com.google.firebase:firebase-auth:23.1.0] AndroidManifest.xml:31:13-46
99            android:exported="true"
99-->[com.google.firebase:firebase-auth:23.1.0] AndroidManifest.xml:32:13-36
100            android:launchMode="singleTask"
100-->[com.google.firebase:firebase-auth:23.1.0] AndroidManifest.xml:33:13-44
101            android:theme="@android:style/Theme.Translucent.NoTitleBar" >
101-->[com.google.firebase:firebase-auth:23.1.0] AndroidManifest.xml:34:13-72
102            <intent-filter>
102-->[com.google.firebase:firebase-auth:23.1.0] AndroidManifest.xml:35:13-45:29
103                <action android:name="android.intent.action.VIEW" />
103-->[com.google.firebase:firebase-auth:23.1.0] AndroidManifest.xml:36:17-69
103-->[com.google.firebase:firebase-auth:23.1.0] AndroidManifest.xml:36:25-66
104
105                <category android:name="android.intent.category.DEFAULT" />
105-->[com.google.firebase:firebase-auth:23.1.0] AndroidManifest.xml:38:17-76
105-->[com.google.firebase:firebase-auth:23.1.0] AndroidManifest.xml:38:27-73
106                <category android:name="android.intent.category.BROWSABLE" />
106-->[com.google.firebase:firebase-auth:23.1.0] AndroidManifest.xml:39:17-78
106-->[com.google.firebase:firebase-auth:23.1.0] AndroidManifest.xml:39:27-75
107
108                <data
108-->[com.google.firebase:firebase-auth:23.1.0] AndroidManifest.xml:41:17-44:51
109                    android:host="firebase.auth"
109-->[com.google.firebase:firebase-auth:23.1.0] AndroidManifest.xml:42:21-49
110                    android:path="/"
110-->[com.google.firebase:firebase-auth:23.1.0] AndroidManifest.xml:43:21-37
111                    android:scheme="genericidp" />
111-->[com.google.firebase:firebase-auth:23.1.0] AndroidManifest.xml:44:21-48
112            </intent-filter>
113        </activity>
114        <activity
114-->[com.google.firebase:firebase-auth:23.1.0] AndroidManifest.xml:47:9-64:20
115            android:name="com.google.firebase.auth.internal.RecaptchaActivity"
115-->[com.google.firebase:firebase-auth:23.1.0] AndroidManifest.xml:48:13-79
116            android:excludeFromRecents="true"
116-->[com.google.firebase:firebase-auth:23.1.0] AndroidManifest.xml:49:13-46
117            android:exported="true"
117-->[com.google.firebase:firebase-auth:23.1.0] AndroidManifest.xml:50:13-36
118            android:launchMode="singleTask"
118-->[com.google.firebase:firebase-auth:23.1.0] AndroidManifest.xml:51:13-44
119            android:theme="@android:style/Theme.Translucent.NoTitleBar" >
119-->[com.google.firebase:firebase-auth:23.1.0] AndroidManifest.xml:52:13-72
120            <intent-filter>
120-->[com.google.firebase:firebase-auth:23.1.0] AndroidManifest.xml:53:13-63:29
121                <action android:name="android.intent.action.VIEW" />
121-->[com.google.firebase:firebase-auth:23.1.0] AndroidManifest.xml:36:17-69
121-->[com.google.firebase:firebase-auth:23.1.0] AndroidManifest.xml:36:25-66
122
123                <category android:name="android.intent.category.DEFAULT" />
123-->[com.google.firebase:firebase-auth:23.1.0] AndroidManifest.xml:38:17-76
123-->[com.google.firebase:firebase-auth:23.1.0] AndroidManifest.xml:38:27-73
124                <category android:name="android.intent.category.BROWSABLE" />
124-->[com.google.firebase:firebase-auth:23.1.0] AndroidManifest.xml:39:17-78
124-->[com.google.firebase:firebase-auth:23.1.0] AndroidManifest.xml:39:27-75
125
126                <data
126-->[com.google.firebase:firebase-auth:23.1.0] AndroidManifest.xml:41:17-44:51
127                    android:host="firebase.auth"
127-->[com.google.firebase:firebase-auth:23.1.0] AndroidManifest.xml:42:21-49
128                    android:path="/"
128-->[com.google.firebase:firebase-auth:23.1.0] AndroidManifest.xml:43:21-37
129                    android:scheme="recaptcha" />
129-->[com.google.firebase:firebase-auth:23.1.0] AndroidManifest.xml:44:21-48
130            </intent-filter>
131        </activity>
132
133        <service
133-->[com.google.firebase:firebase-auth:23.1.0] AndroidManifest.xml:66:9-72:19
134            android:name="com.google.firebase.components.ComponentDiscoveryService"
134-->[com.google.firebase:firebase-auth:23.1.0] AndroidManifest.xml:67:13-84
135            android:directBootAware="true"
135-->[com.google.firebase:firebase-common:21.0.0] AndroidManifest.xml:32:13-43
136            android:exported="false" >
136-->[com.google.firebase:firebase-auth:23.1.0] AndroidManifest.xml:68:13-37
137            <meta-data
137-->[com.google.firebase:firebase-auth:23.1.0] AndroidManifest.xml:69:13-71:85
138                android:name="com.google.firebase.components:com.google.firebase.auth.FirebaseAuthRegistrar"
138-->[com.google.firebase:firebase-auth:23.1.0] AndroidManifest.xml:70:17-109
139                android:value="com.google.firebase.components.ComponentRegistrar" />
139-->[com.google.firebase:firebase-auth:23.1.0] AndroidManifest.xml:71:17-82
140            <meta-data
140-->[com.google.firebase:firebase-firestore-ktx:25.1.1] AndroidManifest.xml:12:13-14:85
141                android:name="com.google.firebase.components:com.google.firebase.firestore.ktx.FirebaseFirestoreLegacyRegistrar"
141-->[com.google.firebase:firebase-firestore-ktx:25.1.1] AndroidManifest.xml:13:17-129
142                android:value="com.google.firebase.components.ComponentRegistrar" />
142-->[com.google.firebase:firebase-firestore-ktx:25.1.1] AndroidManifest.xml:14:17-82
143            <meta-data
143-->[com.google.firebase:firebase-firestore:25.1.1] AndroidManifest.xml:17:13-19:85
144                android:name="com.google.firebase.components:com.google.firebase.firestore.FirebaseFirestoreKtxRegistrar"
144-->[com.google.firebase:firebase-firestore:25.1.1] AndroidManifest.xml:18:17-122
145                android:value="com.google.firebase.components.ComponentRegistrar" />
145-->[com.google.firebase:firebase-firestore:25.1.1] AndroidManifest.xml:19:17-82
146            <meta-data
146-->[com.google.firebase:firebase-firestore:25.1.1] AndroidManifest.xml:20:13-22:85
147                android:name="com.google.firebase.components:com.google.firebase.firestore.FirestoreRegistrar"
147-->[com.google.firebase:firebase-firestore:25.1.1] AndroidManifest.xml:21:17-111
148                android:value="com.google.firebase.components.ComponentRegistrar" />
148-->[com.google.firebase:firebase-firestore:25.1.1] AndroidManifest.xml:22:17-82
149            <meta-data
149-->[com.google.firebase:firebase-database-ktx:21.0.0] AndroidManifest.xml:12:13-14:85
150                android:name="com.google.firebase.components:com.google.firebase.database.ktx.FirebaseDatabaseLegacyRegistrar"
150-->[com.google.firebase:firebase-database-ktx:21.0.0] AndroidManifest.xml:13:17-127
151                android:value="com.google.firebase.components.ComponentRegistrar" />
151-->[com.google.firebase:firebase-database-ktx:21.0.0] AndroidManifest.xml:14:17-82
152            <meta-data
152-->[com.google.firebase:firebase-database:21.0.0] AndroidManifest.xml:29:13-31:85
153                android:name="com.google.firebase.components:com.google.firebase.database.FirebaseDatabaseKtxRegistrar"
153-->[com.google.firebase:firebase-database:21.0.0] AndroidManifest.xml:30:17-120
154                android:value="com.google.firebase.components.ComponentRegistrar" />
154-->[com.google.firebase:firebase-database:21.0.0] AndroidManifest.xml:31:17-82
155            <meta-data
155-->[com.google.firebase:firebase-database:21.0.0] AndroidManifest.xml:32:13-34:85
156                android:name="com.google.firebase.components:com.google.firebase.database.DatabaseRegistrar"
156-->[com.google.firebase:firebase-database:21.0.0] AndroidManifest.xml:33:17-109
157                android:value="com.google.firebase.components.ComponentRegistrar" />
157-->[com.google.firebase:firebase-database:21.0.0] AndroidManifest.xml:34:17-82
158            <meta-data
158-->[com.google.firebase:firebase-analytics-ktx:22.1.2] AndroidManifest.xml:11:13-13:85
159                android:name="com.google.firebase.components:com.google.firebase.analytics.ktx.FirebaseAnalyticsLegacyRegistrar"
159-->[com.google.firebase:firebase-analytics-ktx:22.1.2] AndroidManifest.xml:12:17-129
160                android:value="com.google.firebase.components.ComponentRegistrar" />
160-->[com.google.firebase:firebase-analytics-ktx:22.1.2] AndroidManifest.xml:13:17-82
161            <meta-data
161-->[com.google.android.gms:play-services-measurement-api:22.1.2] AndroidManifest.xml:37:13-39:85
162                android:name="com.google.firebase.components:com.google.firebase.analytics.connector.internal.AnalyticsConnectorRegistrar"
162-->[com.google.android.gms:play-services-measurement-api:22.1.2] AndroidManifest.xml:38:17-139
163                android:value="com.google.firebase.components.ComponentRegistrar" />
163-->[com.google.android.gms:play-services-measurement-api:22.1.2] AndroidManifest.xml:39:17-82
164            <meta-data
164-->[com.google.firebase:firebase-installations:18.0.0] AndroidManifest.xml:15:13-17:85
165                android:name="com.google.firebase.components:com.google.firebase.installations.FirebaseInstallationsKtxRegistrar"
165-->[com.google.firebase:firebase-installations:18.0.0] AndroidManifest.xml:16:17-130
166                android:value="com.google.firebase.components.ComponentRegistrar" />
166-->[com.google.firebase:firebase-installations:18.0.0] AndroidManifest.xml:17:17-82
167            <meta-data
167-->[com.google.firebase:firebase-installations:18.0.0] AndroidManifest.xml:18:13-20:85
168                android:name="com.google.firebase.components:com.google.firebase.installations.FirebaseInstallationsRegistrar"
168-->[com.google.firebase:firebase-installations:18.0.0] AndroidManifest.xml:19:17-127
169                android:value="com.google.firebase.components.ComponentRegistrar" />
169-->[com.google.firebase:firebase-installations:18.0.0] AndroidManifest.xml:20:17-82
170            <meta-data
170-->[com.google.firebase:firebase-common-ktx:21.0.0] AndroidManifest.xml:12:13-14:85
171                android:name="com.google.firebase.components:com.google.firebase.ktx.FirebaseCommonLegacyRegistrar"
171-->[com.google.firebase:firebase-common-ktx:21.0.0] AndroidManifest.xml:13:17-116
172                android:value="com.google.firebase.components.ComponentRegistrar" />
172-->[com.google.firebase:firebase-common-ktx:21.0.0] AndroidManifest.xml:14:17-82
173            <meta-data
173-->[com.google.firebase:firebase-common:21.0.0] AndroidManifest.xml:35:13-37:85
174                android:name="com.google.firebase.components:com.google.firebase.FirebaseCommonKtxRegistrar"
174-->[com.google.firebase:firebase-common:21.0.0] AndroidManifest.xml:36:17-109
175                android:value="com.google.firebase.components.ComponentRegistrar" />
175-->[com.google.firebase:firebase-common:21.0.0] AndroidManifest.xml:37:17-82
176        </service>
177        <service
177-->[androidx.credentials:credentials-play-services-auth:1.2.0-rc01] AndroidManifest.xml:24:9-32:19
178            android:name="androidx.credentials.playservices.CredentialProviderMetadataHolder"
178-->[androidx.credentials:credentials-play-services-auth:1.2.0-rc01] AndroidManifest.xml:25:13-94
179            android:enabled="true"
179-->[androidx.credentials:credentials-play-services-auth:1.2.0-rc01] AndroidManifest.xml:26:13-35
180            android:exported="false" >
180-->[androidx.credentials:credentials-play-services-auth:1.2.0-rc01] AndroidManifest.xml:27:13-37
181            <meta-data
181-->[androidx.credentials:credentials-play-services-auth:1.2.0-rc01] AndroidManifest.xml:29:13-31:104
182                android:name="androidx.credentials.CREDENTIAL_PROVIDER_KEY"
182-->[androidx.credentials:credentials-play-services-auth:1.2.0-rc01] AndroidManifest.xml:30:17-76
183                android:value="androidx.credentials.playservices.CredentialProviderPlayServicesImpl" />
183-->[androidx.credentials:credentials-play-services-auth:1.2.0-rc01] AndroidManifest.xml:31:17-101
184        </service>
185
186        <activity
186-->[androidx.credentials:credentials-play-services-auth:1.2.0-rc01] AndroidManifest.xml:34:9-41:20
187            android:name="androidx.credentials.playservices.HiddenActivity"
187-->[androidx.credentials:credentials-play-services-auth:1.2.0-rc01] AndroidManifest.xml:35:13-76
188            android:configChanges="orientation|screenSize|screenLayout|keyboardHidden"
188-->[androidx.credentials:credentials-play-services-auth:1.2.0-rc01] AndroidManifest.xml:36:13-87
189            android:enabled="true"
189-->[androidx.credentials:credentials-play-services-auth:1.2.0-rc01] AndroidManifest.xml:37:13-35
190            android:exported="false"
190-->[androidx.credentials:credentials-play-services-auth:1.2.0-rc01] AndroidManifest.xml:38:13-37
191            android:fitsSystemWindows="true"
191-->[androidx.credentials:credentials-play-services-auth:1.2.0-rc01] AndroidManifest.xml:39:13-45
192            android:theme="@style/Theme.Hidden" >
192-->[androidx.credentials:credentials-play-services-auth:1.2.0-rc01] AndroidManifest.xml:40:13-48
193        </activity>
194        <activity
194-->[com.google.android.gms:play-services-auth:20.7.0] AndroidManifest.xml:23:9-27:75
195            android:name="com.google.android.gms.auth.api.signin.internal.SignInHubActivity"
195-->[com.google.android.gms:play-services-auth:20.7.0] AndroidManifest.xml:24:13-93
196            android:excludeFromRecents="true"
196-->[com.google.android.gms:play-services-auth:20.7.0] AndroidManifest.xml:25:13-46
197            android:exported="false"
197-->[com.google.android.gms:play-services-auth:20.7.0] AndroidManifest.xml:26:13-37
198            android:theme="@android:style/Theme.Translucent.NoTitleBar" />
198-->[com.google.android.gms:play-services-auth:20.7.0] AndroidManifest.xml:27:13-72
199        <!--
200            Service handling Google Sign-In user revocation. For apps that do not integrate with
201            Google Sign-In, this service will never be started.
202        -->
203        <service
203-->[com.google.android.gms:play-services-auth:20.7.0] AndroidManifest.xml:33:9-37:51
204            android:name="com.google.android.gms.auth.api.signin.RevocationBoundService"
204-->[com.google.android.gms:play-services-auth:20.7.0] AndroidManifest.xml:34:13-89
205            android:exported="true"
205-->[com.google.android.gms:play-services-auth:20.7.0] AndroidManifest.xml:35:13-36
206            android:permission="com.google.android.gms.auth.api.signin.permission.REVOCATION_NOTIFICATION"
206-->[com.google.android.gms:play-services-auth:20.7.0] AndroidManifest.xml:36:13-107
207            android:visibleToInstantApps="true" />
207-->[com.google.android.gms:play-services-auth:20.7.0] AndroidManifest.xml:37:13-48
208
209        <property
209-->[com.google.android.gms:play-services-measurement-api:22.1.2] AndroidManifest.xml:30:9-32:61
210            android:name="android.adservices.AD_SERVICES_CONFIG"
210-->[com.google.android.gms:play-services-measurement-api:22.1.2] AndroidManifest.xml:31:13-65
211            android:resource="@xml/ga_ad_services_config" />
211-->[com.google.android.gms:play-services-measurement-api:22.1.2] AndroidManifest.xml:32:13-58
212
213        <provider
213-->[com.google.firebase:firebase-common:21.0.0] AndroidManifest.xml:23:9-28:39
214            android:name="com.google.firebase.provider.FirebaseInitProvider"
214-->[com.google.firebase:firebase-common:21.0.0] AndroidManifest.xml:24:13-77
215            android:authorities="org.tensorflow.codelabs.objectdetection.firebaseinitprovider"
215-->[com.google.firebase:firebase-common:21.0.0] AndroidManifest.xml:25:13-72
216            android:directBootAware="true"
216-->[com.google.firebase:firebase-common:21.0.0] AndroidManifest.xml:26:13-43
217            android:exported="false"
217-->[com.google.firebase:firebase-common:21.0.0] AndroidManifest.xml:27:13-37
218            android:initOrder="100" />
218-->[com.google.firebase:firebase-common:21.0.0] AndroidManifest.xml:28:13-36
219        <provider
219-->[androidx.emoji2:emoji2:1.2.0] AndroidManifest.xml:24:9-32:20
220            android:name="androidx.startup.InitializationProvider"
220-->[androidx.emoji2:emoji2:1.2.0] AndroidManifest.xml:25:13-67
221            android:authorities="org.tensorflow.codelabs.objectdetection.androidx-startup"
221-->[androidx.emoji2:emoji2:1.2.0] AndroidManifest.xml:26:13-68
222            android:exported="false" >
222-->[androidx.emoji2:emoji2:1.2.0] AndroidManifest.xml:27:13-37
223            <meta-data
223-->[androidx.emoji2:emoji2:1.2.0] AndroidManifest.xml:29:13-31:52
224                android:name="androidx.emoji2.text.EmojiCompatInitializer"
224-->[androidx.emoji2:emoji2:1.2.0] AndroidManifest.xml:30:17-75
225                android:value="androidx.startup" />
225-->[androidx.emoji2:emoji2:1.2.0] AndroidManifest.xml:31:17-49
226            <meta-data
226-->[androidx.lifecycle:lifecycle-process:2.6.1] AndroidManifest.xml:29:13-31:52
227                android:name="androidx.lifecycle.ProcessLifecycleInitializer"
227-->[androidx.lifecycle:lifecycle-process:2.6.1] AndroidManifest.xml:30:17-78
228                android:value="androidx.startup" />
228-->[androidx.lifecycle:lifecycle-process:2.6.1] AndroidManifest.xml:31:17-49
229            <meta-data
229-->[androidx.profileinstaller:profileinstaller:1.3.0] AndroidManifest.xml:29:13-31:52
230                android:name="androidx.profileinstaller.ProfileInstallerInitializer"
230-->[androidx.profileinstaller:profileinstaller:1.3.0] AndroidManifest.xml:30:17-85
231                android:value="androidx.startup" />
231-->[androidx.profileinstaller:profileinstaller:1.3.0] AndroidManifest.xml:31:17-49
232        </provider>
233
234        <receiver
234-->[com.google.android.gms:play-services-measurement:22.1.2] AndroidManifest.xml:29:9-33:20
235            android:name="com.google.android.gms.measurement.AppMeasurementReceiver"
235-->[com.google.android.gms:play-services-measurement:22.1.2] AndroidManifest.xml:30:13-85
236            android:enabled="true"
236-->[com.google.android.gms:play-services-measurement:22.1.2] AndroidManifest.xml:31:13-35
237            android:exported="false" >
237-->[com.google.android.gms:play-services-measurement:22.1.2] AndroidManifest.xml:32:13-37
238        </receiver>
239
240        <service
240-->[com.google.android.gms:play-services-measurement:22.1.2] AndroidManifest.xml:35:9-38:40
241            android:name="com.google.android.gms.measurement.AppMeasurementService"
241-->[com.google.android.gms:play-services-measurement:22.1.2] AndroidManifest.xml:36:13-84
242            android:enabled="true"
242-->[com.google.android.gms:play-services-measurement:22.1.2] AndroidManifest.xml:37:13-35
243            android:exported="false" />
243-->[com.google.android.gms:play-services-measurement:22.1.2] AndroidManifest.xml:38:13-37
244        <service
244-->[com.google.android.gms:play-services-measurement:22.1.2] AndroidManifest.xml:39:9-43:72
245            android:name="com.google.android.gms.measurement.AppMeasurementJobService"
245-->[com.google.android.gms:play-services-measurement:22.1.2] AndroidManifest.xml:40:13-87
246            android:enabled="true"
246-->[com.google.android.gms:play-services-measurement:22.1.2] AndroidManifest.xml:41:13-35
247            android:exported="false"
247-->[com.google.android.gms:play-services-measurement:22.1.2] AndroidManifest.xml:42:13-37
248            android:permission="android.permission.BIND_JOB_SERVICE" />
248-->[com.google.android.gms:play-services-measurement:22.1.2] AndroidManifest.xml:43:13-69
249
250        <activity
250-->[com.google.android.gms:play-services-base:18.5.0] AndroidManifest.xml:5:9-173
251            android:name="com.google.android.gms.common.api.GoogleApiActivity"
251-->[com.google.android.gms:play-services-base:18.5.0] AndroidManifest.xml:5:19-85
252            android:exported="false"
252-->[com.google.android.gms:play-services-base:18.5.0] AndroidManifest.xml:5:146-170
253            android:theme="@android:style/Theme.Translucent.NoTitleBar" />
253-->[com.google.android.gms:play-services-base:18.5.0] AndroidManifest.xml:5:86-145
254
255        <uses-library
255-->[androidx.privacysandbox.ads:ads-adservices:1.0.0-beta05] AndroidManifest.xml:23:9-25:40
256            android:name="android.ext.adservices"
256-->[androidx.privacysandbox.ads:ads-adservices:1.0.0-beta05] AndroidManifest.xml:24:13-50
257            android:required="false" />
257-->[androidx.privacysandbox.ads:ads-adservices:1.0.0-beta05] AndroidManifest.xml:25:13-37
258
259        <meta-data